<?xml version="1.0" encoding="UTF-8"?>
<testsuite xmlns:xsi="http://www.w3.org/2001/XMLSchema-instance" xsi:noNamespaceSchemaLocation="https://maven.apache.org/surefire/maven-surefire-plugin/xsd/surefire-test-report-3.0.xsd" version="3.0" name="memstore.table.PredicatedColumnSumTest" time="0.003" tests="3" errors="0" skipped="0" failures="0">
  <properties>
    <property name="gopherProxySet" value="false"/>
    <property name="awt.toolkit" value="sun.lwawt.macosx.LWCToolkit"/>
    <property name="java.specification.version" value="11"/>
    <property name="sun.cpu.isalist" value=""/>
    <property name="sun.jnu.encoding" value="UTF-8"/>
    <property name="java.class.path" value="/Users/Surya/Surya/Curriculari/CS 245/cs245-as1/target/test-classes:/Users/Surya/Surya/Curriculari/CS 245/cs245-as1/target/classes:/Users/Surya/.m2/repository/org/openjdk/jmh/jmh-core/1.21/jmh-core-1.21.jar:/Users/Surya/.m2/repository/net/sf/jopt-simple/jopt-simple/4.6/jopt-simple-4.6.jar:/Users/Surya/.m2/repository/org/apache/commons/commons-math3/3.2/commons-math3-3.2.jar:/Users/Surya/.m2/repository/org/openjdk/jmh/jmh-generator-annprocess/1.21/jmh-generator-annprocess-1.21.jar:/Users/Surya/.m2/repository/org/apache/commons/commons-csv/1.6/commons-csv-1.6.jar:/Users/Surya/.m2/repository/info/picocli/picocli/3.9.5/picocli-3.9.5.jar:/Users/Surya/.m2/repository/junit/junit/4.12/junit-4.12.jar:/Users/Surya/.m2/repository/org/hamcrest/hamcrest-core/1.3/hamcrest-core-1.3.jar:/Users/Surya/.m2/repository/com/fasterxml/jackson/core/jackson-databind/2.9.8/jackson-databind-2.9.8.jar:/Users/Surya/.m2/repository/com/fasterxml/jackson/core/jackson-annotations/2.9.0/jackson-annotations-2.9.0.jar:/Users/Surya/.m2/repository/com/fasterxml/jackson/core/jackson-core/2.9.8/jackson-core-2.9.8.jar:/Users/Surya/.m2/repository/it/unimi/dsi/fastutil/8.1.0/fastutil-8.1.0.jar:"/>
    <property name="java.vm.vendor" value="Oracle Corporation"/>
    <property name="sun.arch.data.model" value="64"/>
    <property name="java.vendor.url" value="http://java.oracle.com/"/>
    <property name="user.timezone" value="America/Los_Angeles"/>
    <property name="java.vm.specification.version" value="11"/>
    <property name="os.name" value="Mac OS X"/>
    <property name="sun.java.launcher" value="SUN_STANDARD"/>
    <property name="user.country" value="US"/>
    <property name="sun.boot.library.path" value="/Library/Java/JavaVirtualMachines/jdk-11.0.6.jdk/Contents/Home/lib"/>
    <property name="sun.java.command" value="/Users/Surya/Surya/Curriculari/CS 245/cs245-as1/target/surefire/surefirebooter2205435266600215820.jar /Users/Surya/Surya/Curriculari/CS 245/cs245-as1/target/surefire 2020-01-29T11-53-54_683-jvmRun1 surefire4106881172149684772tmp surefire_014213815340722197442tmp"/>
    <property name="http.nonProxyHosts" value="local|*.local|169.254/16|*.169.254/16"/>
    <property name="jdk.debug" value="release"/>
    <property name="surefire.test.class.path" value="/Users/Surya/Surya/Curriculari/CS 245/cs245-as1/target/test-classes:/Users/Surya/Surya/Curriculari/CS 245/cs245-as1/target/classes:/Users/Surya/.m2/repository/org/openjdk/jmh/jmh-core/1.21/jmh-core-1.21.jar:/Users/Surya/.m2/repository/net/sf/jopt-simple/jopt-simple/4.6/jopt-simple-4.6.jar:/Users/Surya/.m2/repository/org/apache/commons/commons-math3/3.2/commons-math3-3.2.jar:/Users/Surya/.m2/repository/org/openjdk/jmh/jmh-generator-annprocess/1.21/jmh-generator-annprocess-1.21.jar:/Users/Surya/.m2/repository/org/apache/commons/commons-csv/1.6/commons-csv-1.6.jar:/Users/Surya/.m2/repository/info/picocli/picocli/3.9.5/picocli-3.9.5.jar:/Users/Surya/.m2/repository/junit/junit/4.12/junit-4.12.jar:/Users/Surya/.m2/repository/org/hamcrest/hamcrest-core/1.3/hamcrest-core-1.3.jar:/Users/Surya/.m2/repository/com/fasterxml/jackson/core/jackson-databind/2.9.8/jackson-databind-2.9.8.jar:/Users/Surya/.m2/repository/com/fasterxml/jackson/core/jackson-annotations/2.9.0/jackson-annotations-2.9.0.jar:/Users/Surya/.m2/repository/com/fasterxml/jackson/core/jackson-core/2.9.8/jackson-core-2.9.8.jar:/Users/Surya/.m2/repository/it/unimi/dsi/fastutil/8.1.0/fastutil-8.1.0.jar:"/>
    <property name="sun.cpu.endian" value="little"/>
    <property name="user.home" value="/Users/Surya"/>
    <property name="user.language" value="en"/>
    <property name="java.specification.vendor" value="Oracle Corporation"/>
    <property name="java.version.date" value="2020-01-14"/>
    <property name="java.home" value="/Library/Java/JavaVirtualMachines/jdk-11.0.6.jdk/Contents/Home"/>
    <property name="file.separator" value="/"/>
    <property name="basedir" value="/Users/Surya/Surya/Curriculari/CS 245/cs245-as1"/>
    <property name="java.vm.compressedOopsMode" value="Zero based"/>
    <property name="line.separator" value="&#10;"/>
    <property name="java.specification.name" value="Java Platform API Specification"/>
    <property name="java.vm.specification.vendor" value="Oracle Corporation"/>
    <property name="java.awt.graphicsenv" value="sun.awt.CGraphicsEnvironment"/>
    <property name="surefire.real.class.path" value="/Users/Surya/Surya/Curriculari/CS 245/cs245-as1/target/surefire/surefirebooter2205435266600215820.jar"/>
    <property name="sun.management.compiler" value="HotSpot 64-Bit Tiered Compilers"/>
    <property name="ftp.nonProxyHosts" value="local|*.local|169.254/16|*.169.254/16"/>
    <property name="java.runtime.version" value="11.0.6+8-LTS"/>
    <property name="user.name" value="Surya"/>
    <property name="path.separator" value=":"/>
    <property name="os.version" value="10.14.2"/>
    <property name="java.runtime.name" value="Java(TM) SE Runtime Environment"/>
    <property name="file.encoding" value="UTF-8"/>
    <property name="java.vm.name" value="Java HotSpot(TM) 64-Bit Server VM"/>
    <property name="java.vendor.version" value="18.9"/>
    <property name="localRepository" value="/Users/Surya/.m2/repository"/>
    <property name="java.vendor.url.bug" value="http://bugreport.java.com/bugreport/"/>
    <property name="java.io.tmpdir" value="/var/folders/wv/98d2qzz53yqfbn15x_8yvn8m0000gn/T/"/>
    <property name="java.version" value="11.0.6"/>
    <property name="user.dir" value="/Users/Surya/Surya/Curriculari/CS 245/cs245-as1"/>
    <property name="os.arch" value="x86_64"/>
    <property name="java.vm.specification.name" value="Java Virtual Machine Specification"/>
    <property name="java.awt.printerjob" value="sun.lwawt.macosx.CPrinterJob"/>
    <property name="sun.os.patch.level" value="unknown"/>
    <property name="java.library.path" value="/Users/Surya/Library/Java/Extensions:/Library/Java/Extensions:/Network/Library/Java/Extensions:/System/Library/Java/Extensions:/usr/lib/java:."/>
    <property name="java.vendor" value="Oracle Corporation"/>
    <property name="java.vm.info" value="mixed mode"/>
    <property name="java.vm.version" value="11.0.6+8-LTS"/>
    <property name="sun.io.unicode.encoding" value="UnicodeBig"/>
    <property name="java.class.version" value="55.0"/>
    <property name="socksNonProxyHosts" value="local|*.local|169.254/16|*.169.254/16"/>
  </properties>
  <testcase name="testIndexedTable" classname="memstore.table.PredicatedColumnSumTest" time="0.003"/>
  <testcase name="testColumnTable" classname="memstore.table.PredicatedColumnSumTest" time="0.001"/>
  <testcase name="testRowTable" classname="memstore.table.PredicatedColumnSumTest" time="0.001"/>
</testsuite>